<?xml version="1.0" encoding="UTF-8"?>
<coverage generated="1561128744131" clover="3.2.0">
  <project timestamp="1561128744131" name="All files">
    <metrics statements="95" coveredstatements="84" conditionals="64" coveredconditionals="36" methods="35" coveredmethods="26" elements="194" coveredelements="146" complexity="0" loc="95" ncloc="95" packages="3" files="7" classes="7"/>
    <package name="components.entry-point">
      <metrics statements="27" coveredstatements="25" conditionals="36" coveredconditionals="19" methods="10" coveredmethods="8"/>
      <file name="entry-point.component.tsx" path="/Users/kartamyshev/Documents/development/react-starter/src/components/entry-point/entry-point.component.tsx">
        <metrics statements="27" coveredstatements="25" conditionals="36" coveredconditionals="19" methods="10" coveredmethods="8"/>
        <line num="2" count="1" type="cond" truecount="3" falsecount="0"/>
        <line num="3" count="1" type="stmt"/>
        <line num="4" count="1" type="cond" truecount="1" falsecount="3"/>
        <line num="5" count="0" type="stmt"/>
        <line num="6" count="0" type="cond" truecount="0" falsecount="2"/>
        <line num="7" count="1" type="stmt"/>
        <line num="9" count="1" type="stmt"/>
        <line num="10" count="1" type="stmt"/>
        <line num="11" count="1" type="stmt"/>
        <line num="12" count="1" type="cond" truecount="1" falsecount="1"/>
        <line num="15" count="1" type="cond" truecount="3" falsecount="0"/>
        <line num="16" count="1" type="cond" truecount="1" falsecount="3"/>
        <line num="17" count="1" type="cond" truecount="3" falsecount="1"/>
        <line num="18" count="1" type="cond" truecount="3" falsecount="5"/>
        <line num="19" count="1" type="cond" truecount="1" falsecount="2"/>
        <line num="21" count="1" type="stmt"/>
        <line num="22" count="1" type="stmt"/>
        <line num="23" count="1" type="stmt"/>
        <line num="24" count="1" type="stmt"/>
        <line num="25" count="1" type="stmt"/>
        <line num="26" count="1" type="stmt"/>
        <line num="28" count="2" type="cond" truecount="3" falsecount="0"/>
        <line num="30" count="1" type="stmt"/>
        <line num="31" count="2" type="stmt"/>
        <line num="37" count="1" type="stmt"/>
        <line num="40" count="1" type="stmt"/>
        <line num="42" count="1" type="stmt"/>
      </file>
    </package>
    <package name="components.stateless">
      <metrics statements="25" coveredstatements="23" conditionals="14" coveredconditionals="8" methods="10" coveredmethods="8"/>
      <file name="button.component.tsx" path="/Users/kartamyshev/Documents/development/react-starter/src/components/stateless/button.component.tsx">
        <metrics statements="25" coveredstatements="23" conditionals="14" coveredconditionals="8" methods="10" coveredmethods="8"/>
        <line num="2" count="2" type="cond" truecount="3" falsecount="0"/>
        <line num="3" count="2" type="stmt"/>
        <line num="4" count="2" type="cond" truecount="1" falsecount="3"/>
        <line num="5" count="0" type="stmt"/>
        <line num="6" count="0" type="cond" truecount="0" falsecount="2"/>
        <line num="7" count="2" type="stmt"/>
        <line num="9" count="2" type="stmt"/>
        <line num="10" count="2" type="stmt"/>
        <line num="11" count="2" type="stmt"/>
        <line num="12" count="2" type="cond" truecount="1" falsecount="1"/>
        <line num="15" count="2" type="stmt"/>
        <line num="16" count="2" type="stmt"/>
        <line num="17" count="2" type="stmt"/>
        <line num="18" count="2" type="stmt"/>
        <line num="19" count="2" type="stmt"/>
        <line num="21" count="5" type="cond" truecount="3" falsecount="0"/>
        <line num="23" count="2" type="stmt"/>
        <line num="25" count="7" type="stmt"/>
        <line num="30" count="2" type="stmt"/>
        <line num="31" count="6" type="stmt"/>
        <line num="32" count="6" type="stmt"/>
        <line num="33" count="6" type="stmt"/>
        <line num="35" count="2" type="stmt"/>
        <line num="38" count="2" type="stmt"/>
        <line num="40" count="2" type="stmt"/>
      </file>
    </package>
    <package name="utils">
      <metrics statements="43" coveredstatements="36" conditionals="14" coveredconditionals="9" methods="15" coveredmethods="10"/>
      <file name="classnames.ts" path="/Users/kartamyshev/Documents/development/react-starter/src/utils/classnames.ts">
        <metrics statements="13" coveredstatements="13" conditionals="6" coveredconditionals="6" methods="4" coveredmethods="4"/>
        <line num="2" count="3" type="stmt"/>
        <line num="3" count="3" type="stmt"/>
        <line num="4" count="3" type="stmt"/>
        <line num="5" count="3" type="stmt"/>
        <line num="6" count="8" type="stmt"/>
        <line num="7" count="17" type="cond" truecount="2" falsecount="0"/>
        <line num="10" count="3" type="stmt"/>
        <line num="11" count="10" type="stmt"/>
        <line num="12" count="19" type="stmt"/>
        <line num="13" count="10" type="stmt"/>
        <line num="14" count="10" type="cond" truecount="2" falsecount="0"/>
        <line num="15" count="1" type="stmt"/>
        <line num="17" count="9" type="cond" truecount="2" falsecount="0"/>
      </file>
      <file name="event-manager.ts" path="/Users/kartamyshev/Documents/development/react-starter/src/utils/event-manager.ts">
        <metrics statements="16" coveredstatements="9" conditionals="4" coveredconditionals="0" methods="7" coveredmethods="2"/>
        <line num="2" count="2" type="stmt"/>
        <line num="3" count="2" type="stmt"/>
        <line num="5" count="2" type="stmt"/>
        <line num="6" count="2" type="stmt"/>
        <line num="7" count="0" type="stmt"/>
        <line num="9" count="2" type="stmt"/>
        <line num="10" count="0" type="stmt"/>
        <line num="13" count="2" type="stmt"/>
        <line num="14" count="0" type="cond" truecount="0" falsecount="2"/>
        <line num="15" count="0" type="stmt"/>
        <line num="17" count="2" type="stmt"/>
        <line num="18" count="0" type="cond" truecount="0" falsecount="2"/>
        <line num="19" count="0" type="stmt"/>
        <line num="20" count="0" type="stmt"/>
        <line num="24" count="2" type="stmt"/>
        <line num="26" count="2" type="stmt"/>
      </file>
      <file name="extension.ts" path="/Users/kartamyshev/Documents/development/react-starter/src/utils/extension.ts">
        <metrics statements="5" coveredstatements="5" conditionals="2" coveredconditionals="2" methods="2" coveredmethods="2"/>
        <line num="2" count="1" type="stmt"/>
        <line num="3" count="1" type="stmt"/>
        <line num="4" count="1" type="stmt"/>
        <line num="5" count="9" type="stmt"/>
        <line num="6" count="16" type="cond" truecount="2" falsecount="0"/>
      </file>
      <file name="index.ts" path="/Users/kartamyshev/Documents/development/react-starter/src/utils/index.ts">
        <metrics statements="4" coveredstatements="4" conditionals="2" coveredconditionals="1" methods="1" coveredmethods="1"/>
        <line num="3" count="4" type="cond" truecount="1" falsecount="1"/>
        <line num="5" count="2" type="stmt"/>
        <line num="6" count="2" type="stmt"/>
        <line num="7" count="2" type="stmt"/>
      </file>
      <file name="type.ts" path="/Users/kartamyshev/Documents/development/react-starter/src/utils/type.ts">
        <metrics statements="5" coveredstatements="5" conditionals="0" coveredconditionals="0" methods="1" coveredmethods="1"/>
        <line num="2" count="4" type="stmt"/>
        <line num="3" count="4" type="stmt"/>
        <line num="4" count="29" type="stmt"/>
        <line num="5" count="29" type="stmt"/>
        <line num="9" count="29" type="stmt"/>
      </file>
    </package>
  </project>
</coverage>
