{"/Users/kartamyshev/Documents/development/react-starter/src/components/entry-point/entry-point.component.tsx": {"path":"/Users/kartamyshev/Documents/development/react-starter/src/components/entry-point/entry-point.component.tsx","statementMap":{"0":{"start":{"line":2,"column":16},"end":{"line":14,"column":4}},"1":{"start":{"line":3,"column":24},"end":{"line":8,"column":5}},"2":{"start":{"line":4,"column":8},"end":{"line":6,"column":87}},"3":{"start":{"line":5,"column":69},"end":{"line":5,"column":85}},"4":{"start":{"line":6,"column":30},"end":{"line":6,"column":84}},"5":{"start":{"line":6,"column":47},"end":{"line":6,"column":84}},"6":{"start":{"line":6,"column":72},"end":{"line":6,"column":84}},"7":{"start":{"line":7,"column":8},"end":{"line":7,"column":35}},"8":{"start":{"line":9,"column":4},"end":{"line":13,"column":6}},"9":{"start":{"line":10,"column":8},"end":{"line":10,"column":28}},"10":{"start":{"line":11,"column":24},"end":{"line":11,"column":45}},"11":{"start":{"line":12,"column":8},"end":{"line":12,"column":93}},"12":{"start":{"line":15,"column":17},"end":{"line":20,"column":1}},"13":{"start":{"line":16,"column":12},"end":{"line":16,"column":28}},"14":{"start":{"line":16,"column":34},"end":{"line":16,"column":125}},"15":{"start":{"line":17,"column":4},"end":{"line":18,"column":150}},"16":{"start":{"line":17,"column":79},"end":{"line":17,"column":131}},"17":{"start":{"line":18,"column":9},"end":{"line":18,"column":150}},"18":{"start":{"line":18,"column":22},"end":{"line":18,"column":43}},"19":{"start":{"line":18,"column":58},"end":{"line":18,"column":150}},"20":{"start":{"line":18,"column":81},"end":{"line":18,"column":150}},"21":{"start":{"line":19,"column":4},"end":{"line":19,"column":66}},"22":{"start":{"line":21,"column":0},"end":{"line":21,"column":62}},"23":{"start":{"line":22,"column":12},"end":{"line":22,"column":28}},"24":{"start":{"line":23,"column":19},"end":{"line":23,"column":40}},"25":{"start":{"line":24,"column":25},"end":{"line":24,"column":65}},"26":{"start":{"line":25,"column":18},"end":{"line":41,"column":18}},"27":{"start":{"line":26,"column":4},"end":{"line":26,"column":34}},"28":{"start":{"line":28,"column":8},"end":{"line":28,"column":72}},"29":{"start":{"line":30,"column":4},"end":{"line":36,"column":6}},"30":{"start":{"line":31,"column":8},"end":{"line":35,"column":34}},"31":{"start":{"line":37,"column":4},"end":{"line":39,"column":19}},"32":{"start":{"line":40,"column":4},"end":{"line":40,"column":22}},"33":{"start":{"line":42,"column":0},"end":{"line":42,"column":32}}},"fnMap":{"0":{"name":"(anonymous_0)","decl":{"start":{"line":2,"column":45},"end":{"line":2,"column":46}},"loc":{"start":{"line":2,"column":57},"end":{"line":14,"column":1}},"line":2},"1":{"name":"(anonymous_1)","decl":{"start":{"line":3,"column":24},"end":{"line":3,"column":25}},"loc":{"start":{"line":3,"column":40},"end":{"line":8,"column":5}},"line":3},"2":{"name":"(anonymous_2)","decl":{"start":{"line":5,"column":51},"end":{"line":5,"column":52}},"loc":{"start":{"line":5,"column":67},"end":{"line":5,"column":87}},"line":5},"3":{"name":"(anonymous_3)","decl":{"start":{"line":6,"column":12},"end":{"line":6,"column":13}},"loc":{"start":{"line":6,"column":28},"end":{"line":6,"column":86}},"line":6},"4":{"name":"(anonymous_4)","decl":{"start":{"line":9,"column":11},"end":{"line":9,"column":12}},"loc":{"start":{"line":9,"column":27},"end":{"line":13,"column":5}},"line":9},"5":{"name":"__","decl":{"start":{"line":11,"column":17},"end":{"line":11,"column":19}},"loc":{"start":{"line":11,"column":22},"end":{"line":11,"column":47}},"line":11},"6":{"name":"(anonymous_6)","decl":{"start":{"line":15,"column":46},"end":{"line":15,"column":47}},"loc":{"start":{"line":15,"column":87},"end":{"line":20,"column":1}},"line":15},"7":{"name":"(anonymous_7)","decl":{"start":{"line":25,"column":18},"end":{"line":25,"column":19}},"loc":{"start":{"line":25,"column":36},"end":{"line":41,"column":1}},"line":25},"8":{"name":"EntryPoint","decl":{"start":{"line":27,"column":13},"end":{"line":27,"column":23}},"loc":{"start":{"line":27,"column":26},"end":{"line":29,"column":5}},"line":27},"9":{"name":"(anonymous_9)","decl":{"start":{"line":30,"column":34},"end":{"line":30,"column":35}},"loc":{"start":{"line":30,"column":46},"end":{"line":36,"column":5}},"line":30}},"branchMap":{"0":{"loc":{"start":{"line":2,"column":16},"end":{"line":14,"column":4}},"type":"binary-expr","locations":[{"start":{"line":2,"column":17},"end":{"line":2,"column":21}},{"start":{"line":2,"column":25},"end":{"line":2,"column":39}},{"start":{"line":2,"column":44},"end":{"line":14,"column":4}}],"line":2},"1":{"loc":{"start":{"line":4,"column":24},"end":{"line":6,"column":86}},"type":"binary-expr","locations":[{"start":{"line":4,"column":24},"end":{"line":4,"column":45}},{"start":{"line":5,"column":13},"end":{"line":5,"column":47}},{"start":{"line":5,"column":51},"end":{"line":5,"column":87}},{"start":{"line":6,"column":12},"end":{"line":6,"column":86}}],"line":4},"2":{"loc":{"start":{"line":6,"column":47},"end":{"line":6,"column":84}},"type":"if","locations":[{"start":{"line":6,"column":47},"end":{"line":6,"column":84}},{"start":{"line":6,"column":47},"end":{"line":6,"column":84}}],"line":6},"3":{"loc":{"start":{"line":12,"column":22},"end":{"line":12,"column":92}},"type":"cond-expr","locations":[{"start":{"line":12,"column":35},"end":{"line":12,"column":51}},{"start":{"line":12,"column":55},"end":{"line":12,"column":91}}],"line":12},"4":{"loc":{"start":{"line":15,"column":17},"end":{"line":20,"column":1}},"type":"binary-expr","locations":[{"start":{"line":15,"column":18},"end":{"line":15,"column":22}},{"start":{"line":15,"column":26},"end":{"line":15,"column":41}},{"start":{"line":15,"column":46},"end":{"line":20,"column":1}}],"line":15},"5":{"loc":{"start":{"line":16,"column":34},"end":{"line":16,"column":125}},"type":"cond-expr","locations":[{"start":{"line":16,"column":42},"end":{"line":16,"column":48}},{"start":{"line":16,"column":51},"end":{"line":16,"column":125}}],"line":16},"6":{"loc":{"start":{"line":16,"column":51},"end":{"line":16,"column":125}},"type":"cond-expr","locations":[{"start":{"line":16,"column":67},"end":{"line":16,"column":118}},{"start":{"line":16,"column":121},"end":{"line":16,"column":125}}],"line":16},"7":{"loc":{"start":{"line":17,"column":4},"end":{"line":18,"column":150}},"type":"if","locations":[{"start":{"line":17,"column":4},"end":{"line":18,"column":150}},{"start":{"line":17,"column":4},"end":{"line":18,"column":150}}],"line":17},"8":{"loc":{"start":{"line":17,"column":8},"end":{"line":17,"column":77}},"type":"binary-expr","locations":[{"start":{"line":17,"column":8},"end":{"line":17,"column":35}},{"start":{"line":17,"column":39},"end":{"line":17,"column":77}}],"line":17},"9":{"loc":{"start":{"line":18,"column":58},"end":{"line":18,"column":150}},"type":"if","locations":[{"start":{"line":18,"column":58},"end":{"line":18,"column":150}},{"start":{"line":18,"column":58},"end":{"line":18,"column":150}}],"line":18},"10":{"loc":{"start":{"line":18,"column":85},"end":{"line":18,"column":149}},"type":"binary-expr","locations":[{"start":{"line":18,"column":86},"end":{"line":18,"column":143}},{"start":{"line":18,"column":148},"end":{"line":18,"column":149}}],"line":18},"11":{"loc":{"start":{"line":18,"column":86},"end":{"line":18,"column":143}},"type":"cond-expr","locations":[{"start":{"line":18,"column":94},"end":{"line":18,"column":98}},{"start":{"line":18,"column":101},"end":{"line":18,"column":143}}],"line":18},"12":{"loc":{"start":{"line":18,"column":101},"end":{"line":18,"column":143}},"type":"cond-expr","locations":[{"start":{"line":18,"column":109},"end":{"line":18,"column":126}},{"start":{"line":18,"column":129},"end":{"line":18,"column":143}}],"line":18},"13":{"loc":{"start":{"line":19,"column":11},"end":{"line":19,"column":62}},"type":"binary-expr","locations":[{"start":{"line":19,"column":11},"end":{"line":19,"column":16}},{"start":{"line":19,"column":20},"end":{"line":19,"column":21}},{"start":{"line":19,"column":25},"end":{"line":19,"column":62}}],"line":19},"14":{"loc":{"start":{"line":28,"column":15},"end":{"line":28,"column":71}},"type":"binary-expr","locations":[{"start":{"line":28,"column":15},"end":{"line":28,"column":30}},{"start":{"line":28,"column":34},"end":{"line":28,"column":63}},{"start":{"line":28,"column":67},"end":{"line":28,"column":71}}],"line":28}},"s":{"0":1,"1":1,"2":1,"3":0,"4":0,"5":0,"6":0,"7":1,"8":1,"9":1,"10":1,"11":1,"12":1,"13":1,"14":1,"15":1,"16":0,"17":1,"18":1,"19":1,"20":1,"21":1,"22":1,"23":1,"24":1,"25":1,"26":1,"27":1,"28":2,"29":1,"30":2,"31":1,"32":1,"33":1},"f":{"0":1,"1":1,"2":0,"3":0,"4":1,"5":1,"6":1,"7":1,"8":2,"9":2},"b":{"0":[1,1,1],"1":[1,0,0,0],"2":[0,0],"3":[0,1],"4":[1,1,1],"5":[1,0],"6":[0,0],"7":[0,1],"8":[1,1],"9":[1,0],"10":[1,0],"11":[1,0],"12":[0,0],"13":[1,0,0],"14":[2,2,2]},"_coverageSchema":"43e27e138ebf9cfc5966b082cf9a028302ed4184","hash":"94cc7590f9e07f11fc2314fba424dcd038643b00"}
,"/Users/kartamyshev/Documents/development/react-starter/src/components/stateless/button.component.tsx": {"path":"/Users/kartamyshev/Documents/development/react-starter/src/components/stateless/button.component.tsx","statementMap":{"0":{"start":{"line":2,"column":16},"end":{"line":14,"column":4}},"1":{"start":{"line":3,"column":24},"end":{"line":8,"column":5}},"2":{"start":{"line":4,"column":8},"end":{"line":6,"column":87}},"3":{"start":{"line":5,"column":69},"end":{"line":5,"column":85}},"4":{"start":{"line":6,"column":30},"end":{"line":6,"column":84}},"5":{"start":{"line":6,"column":47},"end":{"line":6,"column":84}},"6":{"start":{"line":6,"column":72},"end":{"line":6,"column":84}},"7":{"start":{"line":7,"column":8},"end":{"line":7,"column":35}},"8":{"start":{"line":9,"column":4},"end":{"line":13,"column":6}},"9":{"start":{"line":10,"column":8},"end":{"line":10,"column":28}},"10":{"start":{"line":11,"column":24},"end":{"line":11,"column":45}},"11":{"start":{"line":12,"column":8},"end":{"line":12,"column":93}},"12":{"start":{"line":15,"column":0},"end":{"line":15,"column":62}},"13":{"start":{"line":16,"column":12},"end":{"line":16,"column":28}},"14":{"start":{"line":17,"column":14},"end":{"line":17,"column":36}},"15":{"start":{"line":18,"column":14},"end":{"line":39,"column":18}},"16":{"start":{"line":19,"column":4},"end":{"line":19,"column":30}},"17":{"start":{"line":21,"column":8},"end":{"line":21,"column":72}},"18":{"start":{"line":23,"column":4},"end":{"line":29,"column":7}},"19":{"start":{"line":25,"column":12},"end":{"line":25,"column":28}},"20":{"start":{"line":30,"column":4},"end":{"line":34,"column":6}},"21":{"start":{"line":31,"column":23},"end":{"line":31,"column":42}},"22":{"start":{"line":32,"column":24},"end":{"line":32,"column":80}},"23":{"start":{"line":33,"column":8},"end":{"line":33,"column":85}},"24":{"start":{"line":35,"column":4},"end":{"line":37,"column":6}},"25":{"start":{"line":38,"column":4},"end":{"line":38,"column":18}},"26":{"start":{"line":40,"column":0},"end":{"line":40,"column":24}}},"fnMap":{"0":{"name":"(anonymous_0)","decl":{"start":{"line":2,"column":45},"end":{"line":2,"column":46}},"loc":{"start":{"line":2,"column":57},"end":{"line":14,"column":1}},"line":2},"1":{"name":"(anonymous_1)","decl":{"start":{"line":3,"column":24},"end":{"line":3,"column":25}},"loc":{"start":{"line":3,"column":40},"end":{"line":8,"column":5}},"line":3},"2":{"name":"(anonymous_2)","decl":{"start":{"line":5,"column":51},"end":{"line":5,"column":52}},"loc":{"start":{"line":5,"column":67},"end":{"line":5,"column":87}},"line":5},"3":{"name":"(anonymous_3)","decl":{"start":{"line":6,"column":12},"end":{"line":6,"column":13}},"loc":{"start":{"line":6,"column":28},"end":{"line":6,"column":86}},"line":6},"4":{"name":"(anonymous_4)","decl":{"start":{"line":9,"column":11},"end":{"line":9,"column":12}},"loc":{"start":{"line":9,"column":27},"end":{"line":13,"column":5}},"line":9},"5":{"name":"__","decl":{"start":{"line":11,"column":17},"end":{"line":11,"column":19}},"loc":{"start":{"line":11,"column":22},"end":{"line":11,"column":47}},"line":11},"6":{"name":"(anonymous_6)","decl":{"start":{"line":18,"column":14},"end":{"line":18,"column":15}},"loc":{"start":{"line":18,"column":32},"end":{"line":39,"column":1}},"line":18},"7":{"name":"Button","decl":{"start":{"line":20,"column":13},"end":{"line":20,"column":19}},"loc":{"start":{"line":20,"column":22},"end":{"line":22,"column":5}},"line":20},"8":{"name":"(anonymous_8)","decl":{"start":{"line":24,"column":13},"end":{"line":24,"column":14}},"loc":{"start":{"line":24,"column":25},"end":{"line":26,"column":9}},"line":24},"9":{"name":"(anonymous_9)","decl":{"start":{"line":30,"column":30},"end":{"line":30,"column":31}},"loc":{"start":{"line":30,"column":42},"end":{"line":34,"column":5}},"line":30}},"branchMap":{"0":{"loc":{"start":{"line":2,"column":16},"end":{"line":14,"column":4}},"type":"binary-expr","locations":[{"start":{"line":2,"column":17},"end":{"line":2,"column":21}},{"start":{"line":2,"column":25},"end":{"line":2,"column":39}},{"start":{"line":2,"column":44},"end":{"line":14,"column":4}}],"line":2},"1":{"loc":{"start":{"line":4,"column":24},"end":{"line":6,"column":86}},"type":"binary-expr","locations":[{"start":{"line":4,"column":24},"end":{"line":4,"column":45}},{"start":{"line":5,"column":13},"end":{"line":5,"column":47}},{"start":{"line":5,"column":51},"end":{"line":5,"column":87}},{"start":{"line":6,"column":12},"end":{"line":6,"column":86}}],"line":4},"2":{"loc":{"start":{"line":6,"column":47},"end":{"line":6,"column":84}},"type":"if","locations":[{"start":{"line":6,"column":47},"end":{"line":6,"column":84}},{"start":{"line":6,"column":47},"end":{"line":6,"column":84}}],"line":6},"3":{"loc":{"start":{"line":12,"column":22},"end":{"line":12,"column":92}},"type":"cond-expr","locations":[{"start":{"line":12,"column":35},"end":{"line":12,"column":51}},{"start":{"line":12,"column":55},"end":{"line":12,"column":91}}],"line":12},"4":{"loc":{"start":{"line":21,"column":15},"end":{"line":21,"column":71}},"type":"binary-expr","locations":[{"start":{"line":21,"column":15},"end":{"line":21,"column":30}},{"start":{"line":21,"column":34},"end":{"line":21,"column":63}},{"start":{"line":21,"column":67},"end":{"line":21,"column":71}}],"line":21}},"s":{"0":2,"1":2,"2":2,"3":0,"4":0,"5":0,"6":0,"7":2,"8":2,"9":2,"10":2,"11":2,"12":2,"13":2,"14":2,"15":2,"16":2,"17":5,"18":2,"19":7,"20":2,"21":6,"22":6,"23":6,"24":2,"25":2,"26":2},"f":{"0":2,"1":2,"2":0,"3":0,"4":2,"5":2,"6":2,"7":5,"8":7,"9":6},"b":{"0":[2,2,2],"1":[2,0,0,0],"2":[0,0],"3":[0,2],"4":[5,5,5]},"_coverageSchema":"43e27e138ebf9cfc5966b082cf9a028302ed4184","hash":"8db56c790af97ca8d6eae9eaaaeecbc25a2b42ba"}
,"/Users/kartamyshev/Documents/development/react-starter/src/utils/classnames.ts": {"path":"/Users/kartamyshev/Documents/development/react-starter/src/utils/classnames.ts","statementMap":{"0":{"start":{"line":2,"column":0},"end":{"line":2,"column":62}},"1":{"start":{"line":3,"column":13},"end":{"line":3,"column":30}},"2":{"start":{"line":4,"column":14},"end":{"line":4,"column":27}},"3":{"start":{"line":5,"column":13},"end":{"line":9,"column":1}},"4":{"start":{"line":6,"column":4},"end":{"line":8,"column":7}},"5":{"start":{"line":7,"column":8},"end":{"line":7,"column":55}},"6":{"start":{"line":10,"column":0},"end":{"line":18,"column":2}},"7":{"start":{"line":11,"column":23},"end":{"line":11,"column":42}},"8":{"start":{"line":12,"column":22},"end":{"line":12,"column":73}},"9":{"start":{"line":12,"column":37},"end":{"line":12,"column":71}},"10":{"start":{"line":13,"column":29},"end":{"line":13,"column":60}},"11":{"start":{"line":14,"column":4},"end":{"line":16,"column":5}},"12":{"start":{"line":15,"column":8},"end":{"line":15,"column":26}},"13":{"start":{"line":17,"column":4},"end":{"line":17,"column":68}}},"fnMap":{"0":{"name":"(anonymous_0)","decl":{"start":{"line":5,"column":13},"end":{"line":5,"column":14}},"loc":{"start":{"line":5,"column":32},"end":{"line":9,"column":1}},"line":5},"1":{"name":"(anonymous_1)","decl":{"start":{"line":6,"column":39},"end":{"line":6,"column":40}},"loc":{"start":{"line":6,"column":56},"end":{"line":8,"column":5}},"line":6},"2":{"name":"(anonymous_2)","decl":{"start":{"line":10,"column":21},"end":{"line":10,"column":22}},"loc":{"start":{"line":10,"column":40},"end":{"line":18,"column":1}},"line":10},"3":{"name":"(anonymous_3)","decl":{"start":{"line":12,"column":22},"end":{"line":12,"column":23}},"loc":{"start":{"line":12,"column":35},"end":{"line":12,"column":73}},"line":12}},"branchMap":{"0":{"loc":{"start":{"line":7,"column":15},"end":{"line":7,"column":54}},"type":"binary-expr","locations":[{"start":{"line":7,"column":15},"end":{"line":7,"column":36}},{"start":{"line":7,"column":40},"end":{"line":7,"column":54}}],"line":7},"1":{"loc":{"start":{"line":14,"column":4},"end":{"line":16,"column":5}},"type":"if","locations":[{"start":{"line":14,"column":4},"end":{"line":16,"column":5}},{"start":{"line":14,"column":4},"end":{"line":16,"column":5}}],"line":14},"2":{"loc":{"start":{"line":17,"column":12},"end":{"line":17,"column":56}},"type":"cond-expr","locations":[{"start":{"line":17,"column":31},"end":{"line":17,"column":38}},{"start":{"line":17,"column":41},"end":{"line":17,"column":56}}],"line":17}},"s":{"0":3,"1":3,"2":3,"3":3,"4":8,"5":17,"6":3,"7":10,"8":10,"9":19,"10":10,"11":10,"12":1,"13":9},"f":{"0":8,"1":17,"2":10,"3":19},"b":{"0":[17,17],"1":[1,9],"2":[1,8]},"_coverageSchema":"43e27e138ebf9cfc5966b082cf9a028302ed4184","hash":"ac1b6a66da97dfe0b1b5272efb95eef1b7d3edd3"}
,"/Users/kartamyshev/Documents/development/react-starter/src/utils/event-manager.ts": {"path":"/Users/kartamyshev/Documents/development/react-starter/src/utils/event-manager.ts","statementMap":{"0":{"start":{"line":2,"column":0},"end":{"line":2,"column":62}},"1":{"start":{"line":3,"column":20},"end":{"line":25,"column":3}},"2":{"start":{"line":5,"column":8},"end":{"line":5,"column":28}},"3":{"start":{"line":6,"column":8},"end":{"line":8,"column":10}},"4":{"start":{"line":7,"column":12},"end":{"line":7,"column":34}},"5":{"start":{"line":9,"column":8},"end":{"line":11,"column":10}},"6":{"start":{"line":10,"column":12},"end":{"line":10,"column":45}},"7":{"start":{"line":13,"column":4},"end":{"line":16,"column":6}},"8":{"start":{"line":14,"column":8},"end":{"line":14,"column":68}},"9":{"start":{"line":15,"column":8},"end":{"line":15,"column":49}},"10":{"start":{"line":17,"column":4},"end":{"line":23,"column":6}},"11":{"start":{"line":18,"column":8},"end":{"line":22,"column":9}},"12":{"start":{"line":19,"column":12},"end":{"line":21,"column":15}},"13":{"start":{"line":20,"column":16},"end":{"line":20,"column":28}},"14":{"start":{"line":24,"column":4},"end":{"line":24,"column":24}},"15":{"start":{"line":26,"column":0},"end":{"line":26,"column":42}}},"fnMap":{"0":{"name":"(anonymous_0)","decl":{"start":{"line":3,"column":20},"end":{"line":3,"column":21}},"loc":{"start":{"line":3,"column":32},"end":{"line":25,"column":1}},"line":3},"1":{"name":"EventManager","decl":{"start":{"line":4,"column":13},"end":{"line":4,"column":25}},"loc":{"start":{"line":4,"column":28},"end":{"line":12,"column":5}},"line":4},"2":{"name":"(anonymous_2)","decl":{"start":{"line":6,"column":28},"end":{"line":6,"column":29}},"loc":{"start":{"line":6,"column":40},"end":{"line":8,"column":9}},"line":6},"3":{"name":"(anonymous_3)","decl":{"start":{"line":9,"column":35},"end":{"line":9,"column":36}},"loc":{"start":{"line":9,"column":56},"end":{"line":11,"column":9}},"line":9},"4":{"name":"(anonymous_4)","decl":{"start":{"line":13,"column":39},"end":{"line":13,"column":40}},"loc":{"start":{"line":13,"column":70},"end":{"line":16,"column":5}},"line":13},"5":{"name":"(anonymous_5)","decl":{"start":{"line":17,"column":37},"end":{"line":17,"column":38}},"loc":{"start":{"line":17,"column":67},"end":{"line":23,"column":5}},"line":17},"6":{"name":"(anonymous_6)","decl":{"start":{"line":19,"column":46},"end":{"line":19,"column":47}},"loc":{"start":{"line":19,"column":60},"end":{"line":21,"column":13}},"line":19}},"branchMap":{"0":{"loc":{"start":{"line":14,"column":36},"end":{"line":14,"column":67}},"type":"binary-expr","locations":[{"start":{"line":14,"column":36},"end":{"line":14,"column":61}},{"start":{"line":14,"column":65},"end":{"line":14,"column":67}}],"line":14},"1":{"loc":{"start":{"line":18,"column":8},"end":{"line":22,"column":9}},"type":"if","locations":[{"start":{"line":18,"column":8},"end":{"line":22,"column":9}},{"start":{"line":18,"column":8},"end":{"line":22,"column":9}}],"line":18}},"s":{"0":2,"1":2,"2":2,"3":2,"4":0,"5":2,"6":0,"7":2,"8":0,"9":0,"10":2,"11":0,"12":0,"13":0,"14":2,"15":2},"f":{"0":2,"1":2,"2":0,"3":0,"4":0,"5":0,"6":0},"b":{"0":[0,0],"1":[0,0]},"_coverageSchema":"43e27e138ebf9cfc5966b082cf9a028302ed4184","hash":"bdf4c024a1bac9385676b3dce713f532e9ca2d64"}
,"/Users/kartamyshev/Documents/development/react-starter/src/utils/extension.ts": {"path":"/Users/kartamyshev/Documents/development/react-starter/src/utils/extension.ts","statementMap":{"0":{"start":{"line":2,"column":0},"end":{"line":2,"column":62}},"1":{"start":{"line":3,"column":14},"end":{"line":3,"column":30}},"2":{"start":{"line":4,"column":0},"end":{"line":8,"column":2}},"3":{"start":{"line":5,"column":4},"end":{"line":7,"column":7}},"4":{"start":{"line":6,"column":8},"end":{"line":6,"column":54}}},"fnMap":{"0":{"name":"(anonymous_0)","decl":{"start":{"line":4,"column":20},"end":{"line":4,"column":21}},"loc":{"start":{"line":4,"column":54},"end":{"line":8,"column":1}},"line":4},"1":{"name":"(anonymous_1)","decl":{"start":{"line":5,"column":27},"end":{"line":5,"column":28}},"loc":{"start":{"line":5,"column":42},"end":{"line":7,"column":5}},"line":5}},"branchMap":{"0":{"loc":{"start":{"line":6,"column":15},"end":{"line":6,"column":53}},"type":"binary-expr","locations":[{"start":{"line":6,"column":15},"end":{"line":6,"column":46}},{"start":{"line":6,"column":50},"end":{"line":6,"column":53}}],"line":6}},"s":{"0":1,"1":1,"2":1,"3":9,"4":16},"f":{"0":9,"1":16},"b":{"0":[16,4]},"_coverageSchema":"43e27e138ebf9cfc5966b082cf9a028302ed4184","hash":"3b715a3a66fd018334dfd2c4f9ad16c96532422b"}
,"/Users/kartamyshev/Documents/development/react-starter/src/utils/index.ts": {"path":"/Users/kartamyshev/Documents/development/react-starter/src/utils/index.ts","statementMap":{"0":{"start":{"line":3,"column":4},"end":{"line":3,"column":71}},"1":{"start":{"line":3,"column":21},"end":{"line":3,"column":71}},"2":{"start":{"line":3,"column":53},"end":{"line":3,"column":71}},"3":{"start":{"line":5,"column":0},"end":{"line":5,"column":62}},"4":{"start":{"line":6,"column":0},"end":{"line":6,"column":37}},"5":{"start":{"line":7,"column":0},"end":{"line":7,"column":34}}},"fnMap":{"0":{"name":"__export","decl":{"start":{"line":2,"column":9},"end":{"line":2,"column":17}},"loc":{"start":{"line":2,"column":21},"end":{"line":4,"column":1}},"line":2}},"branchMap":{"0":{"loc":{"start":{"line":3,"column":21},"end":{"line":3,"column":71}},"type":"if","locations":[{"start":{"line":3,"column":21},"end":{"line":3,"column":71}},{"start":{"line":3,"column":21},"end":{"line":3,"column":71}}],"line":3}},"s":{"0":4,"1":4,"2":4,"3":2,"4":2,"5":2},"f":{"0":4},"b":{"0":[4,0]},"_coverageSchema":"43e27e138ebf9cfc5966b082cf9a028302ed4184","hash":"a503c351d788b2462e732506e8f0ec57296799cd"}
,"/Users/kartamyshev/Documents/development/react-starter/src/utils/type.ts": {"path":"/Users/kartamyshev/Documents/development/react-starter/src/utils/type.ts","statementMap":{"0":{"start":{"line":2,"column":0},"end":{"line":2,"column":62}},"1":{"start":{"line":3,"column":0},"end":{"line":10,"column":2}},"2":{"start":{"line":4,"column":18},"end":{"line":4,"column":58}},"3":{"start":{"line":5,"column":16},"end":{"line":8,"column":22}},"4":{"start":{"line":9,"column":4},"end":{"line":9,"column":17}}},"fnMap":{"0":{"name":"(anonymous_0)","decl":{"start":{"line":3,"column":15},"end":{"line":3,"column":16}},"loc":{"start":{"line":3,"column":35},"end":{"line":10,"column":1}},"line":3}},"branchMap":{},"s":{"0":4,"1":4,"2":29,"3":29,"4":29},"f":{"0":29},"b":{},"_coverageSchema":"43e27e138ebf9cfc5966b082cf9a028302ed4184","hash":"2e8a4942b71a04dc6cd3d56be51ff3c38e5e086c"}
}
