TN:
SF:/Users/kartamyshev/Documents/development/react-starter/src/components/entry-point/entry-point.component.tsx
FN:2,(anonymous_0)
FN:3,(anonymous_1)
FN:5,(anonymous_2)
FN:6,(anonymous_3)
FN:9,(anonymous_4)
FN:11,__
FN:15,(anonymous_6)
FN:25,(anonymous_7)
FN:27,EntryPoint
FN:30,(anonymous_9)
FNF:10
FNH:8
FNDA:1,(anonymous_0)
FNDA:1,(anonymous_1)
FNDA:0,(anonymous_2)
FNDA:0,(anonymous_3)
FNDA:1,(anonymous_4)
FNDA:1,__
FNDA:1,(anonymous_6)
FNDA:1,(anonymous_7)
FNDA:2,EntryPoint
FNDA:2,(anonymous_9)
DA:2,1
DA:3,1
DA:4,1
DA:5,0
DA:6,0
DA:7,1
DA:9,1
DA:10,1
DA:11,1
DA:12,1
DA:15,1
DA:16,1
DA:17,1
DA:18,1
DA:19,1
DA:21,1
DA:22,1
DA:23,1
DA:24,1
DA:25,1
DA:26,1
DA:28,2
DA:30,1
DA:31,2
DA:37,1
DA:40,1
DA:42,1
LF:27
LH:25
BRDA:2,0,0,1
BRDA:2,0,1,1
BRDA:2,0,2,1
BRDA:4,1,0,1
BRDA:4,1,1,0
BRDA:4,1,2,0
BRDA:4,1,3,0
BRDA:6,2,0,0
BRDA:6,2,1,0
BRDA:12,3,0,0
BRDA:12,3,1,1
BRDA:15,4,0,1
BRDA:15,4,1,1
BRDA:15,4,2,1
BRDA:16,5,0,1
BRDA:16,5,1,0
BRDA:16,6,0,0
BRDA:16,6,1,0
BRDA:17,7,0,0
BRDA:17,7,1,1
BRDA:17,8,0,1
BRDA:17,8,1,1
BRDA:18,9,0,1
BRDA:18,9,1,0
BRDA:18,10,0,1
BRDA:18,10,1,0
BRDA:18,11,0,1
BRDA:18,11,1,0
BRDA:18,12,0,0
BRDA:18,12,1,0
BRDA:19,13,0,1
BRDA:19,13,1,0
BRDA:19,13,2,0
BRDA:28,14,0,2
BRDA:28,14,1,2
BRDA:28,14,2,2
BRF:36
BRH:19
end_of_record
TN:
SF:/Users/kartamyshev/Documents/development/react-starter/src/components/stateless/button.component.tsx
FN:2,(anonymous_0)
FN:3,(anonymous_1)
FN:5,(anonymous_2)
FN:6,(anonymous_3)
FN:9,(anonymous_4)
FN:11,__
FN:18,(anonymous_6)
FN:20,Button
FN:24,(anonymous_8)
FN:30,(anonymous_9)
FNF:10
FNH:8
FNDA:2,(anonymous_0)
FNDA:2,(anonymous_1)
FNDA:0,(anonymous_2)
FNDA:0,(anonymous_3)
FNDA:2,(anonymous_4)
FNDA:2,__
FNDA:2,(anonymous_6)
FNDA:5,Button
FNDA:7,(anonymous_8)
FNDA:6,(anonymous_9)
DA:2,2
DA:3,2
DA:4,2
DA:5,0
DA:6,0
DA:7,2
DA:9,2
DA:10,2
DA:11,2
DA:12,2
DA:15,2
DA:16,2
DA:17,2
DA:18,2
DA:19,2
DA:21,5
DA:23,2
DA:25,7
DA:30,2
DA:31,6
DA:32,6
DA:33,6
DA:35,2
DA:38,2
DA:40,2
LF:25
LH:23
BRDA:2,0,0,2
BRDA:2,0,1,2
BRDA:2,0,2,2
BRDA:4,1,0,2
BRDA:4,1,1,0
BRDA:4,1,2,0
BRDA:4,1,3,0
BRDA:6,2,0,0
BRDA:6,2,1,0
BRDA:12,3,0,0
BRDA:12,3,1,2
BRDA:21,4,0,5
BRDA:21,4,1,5
BRDA:21,4,2,5
BRF:14
BRH:8
end_of_record
TN:
SF:/Users/kartamyshev/Documents/development/react-starter/src/utils/classnames.ts
FN:5,(anonymous_0)
FN:6,(anonymous_1)
FN:10,(anonymous_2)
FN:12,(anonymous_3)
FNF:4
FNH:4
FNDA:8,(anonymous_0)
FNDA:17,(anonymous_1)
FNDA:10,(anonymous_2)
FNDA:19,(anonymous_3)
DA:2,3
DA:3,3
DA:4,3
DA:5,3
DA:6,8
DA:7,17
DA:10,3
DA:11,10
DA:12,19
DA:13,10
DA:14,10
DA:15,1
DA:17,9
LF:13
LH:13
BRDA:7,0,0,17
BRDA:7,0,1,17
BRDA:14,1,0,1
BRDA:14,1,1,9
BRDA:17,2,0,1
BRDA:17,2,1,8
BRF:6
BRH:6
end_of_record
TN:
SF:/Users/kartamyshev/Documents/development/react-starter/src/utils/event-manager.ts
FN:3,(anonymous_0)
FN:4,EventManager
FN:6,(anonymous_2)
FN:9,(anonymous_3)
FN:13,(anonymous_4)
FN:17,(anonymous_5)
FN:19,(anonymous_6)
FNF:7
FNH:2
FNDA:2,(anonymous_0)
FNDA:2,EventManager
FNDA:0,(anonymous_2)
FNDA:0,(anonymous_3)
FNDA:0,(anonymous_4)
FNDA:0,(anonymous_5)
FNDA:0,(anonymous_6)
DA:2,2
DA:3,2
DA:5,2
DA:6,2
DA:7,0
DA:9,2
DA:10,0
DA:13,2
DA:14,0
DA:15,0
DA:17,2
DA:18,0
DA:19,0
DA:20,0
DA:24,2
DA:26,2
LF:16
LH:9
BRDA:14,0,0,0
BRDA:14,0,1,0
BRDA:18,1,0,0
BRDA:18,1,1,0
BRF:4
BRH:0
end_of_record
TN:
SF:/Users/kartamyshev/Documents/development/react-starter/src/utils/extension.ts
FN:4,(anonymous_0)
FN:5,(anonymous_1)
FNF:2
FNH:2
FNDA:9,(anonymous_0)
FNDA:16,(anonymous_1)
DA:2,1
DA:3,1
DA:4,1
DA:5,9
DA:6,16
LF:5
LH:5
BRDA:6,0,0,16
BRDA:6,0,1,4
BRF:2
BRH:2
end_of_record
TN:
SF:/Users/kartamyshev/Documents/development/react-starter/src/utils/index.ts
FN:2,__export
FNF:1
FNH:1
FNDA:4,__export
DA:3,4
DA:5,2
DA:6,2
DA:7,2
LF:4
LH:4
BRDA:3,0,0,4
BRDA:3,0,1,0
BRF:2
BRH:1
end_of_record
TN:
SF:/Users/kartamyshev/Documents/development/react-starter/src/utils/type.ts
FN:3,(anonymous_0)
FNF:1
FNH:1
FNDA:29,(anonymous_0)
DA:2,4
DA:3,4
DA:4,29
DA:5,29
DA:9,29
LF:5
LH:5
BRF:0
BRH:0
end_of_record
